<?xml version="1.0" encoding="UTF-8"?>
<!-- Generated by org.testng.reporters.JUnitReportReporter -->
<testsuite skipped="0" hostname="Tanus-MacBook-Pro.local" name="testCases.ApiValidation" tests="1" failures="0" timestamp="09 Jun 2018 05:33:02 GMT" time="6.354" errors="0">
  <testcase name="startTests" time="6.354" classname="testCases.ApiValidation"/>
</testsuite> <!-- testCases.ApiValidation -->
