<?xml version="1.0" encoding="UTF-8"?>
<!-- Generated by org.testng.reporters.JUnitReportReporter -->
<testsuite skipped="0" hostname="Tanus-MacBook-Pro.local" name="testCases.ApiValidation" tests="1" failures="0" timestamp="06 Jun 2018 08:42:13 GMT" time="1.871" errors="0">
  <testcase name="getValidation" time="1.871" classname="testCases.ApiValidation"/>
</testsuite> <!-- testCases.ApiValidation -->
