<?xml version="1.0" encoding="UTF-8"?>
<!-- Generated by org.testng.reporters.JUnitReportReporter -->
<testsuite skipped="0" hostname="Tanus-MacBook-Pro.local" name="testCases.ApiValidation" tests="1" failures="0" timestamp="09 Jun 2018 08:32:45 GMT" time="7.964" errors="0">
  <testcase name="validationRunner" time="7.964" classname="testCases.ApiValidation"/>
</testsuite> <!-- testCases.ApiValidation -->
