<?xml version="1.0" encoding="UTF-8"?>
<!-- Generated by org.testng.reporters.JUnitReportReporter -->
<testsuite skipped="0" hostname="Tanus-MacBook-Pro.local" name="testCases.ApiValidation" tests="1" failures="0" timestamp="09 Jun 2018 05:36:22 GMT" time="5.863" errors="0">
  <testcase name="validationRunner" time="5.863" classname="testCases.ApiValidation"/>
</testsuite> <!-- testCases.ApiValidation -->
